[    7035ms] [WARNING] A parser-blocking, cross site (i.e. different eTLD+1) script, https://lf-package-cn.feishucdn.com/obj/feishu-static/ccm-vmok/web/lang/en-US.033b17045940997a.js, is invoked via document.write. The network request for this script MAY be blocked by the browser in this or a future page load due to poor network connectivity. If blocked in this page load, it will be confirmed in a subsequent console message. See https://www.chromestatus.com/feature/5718547946799104 for more details. @ https://runninghub.feishu.cn/wiki/I06TwCojOiLAMOkOFgdcYW50nrc:0
[    7036ms] [WARNING] A parser-blocking, cross site (i.e. different eTLD+1) script, https://lf-package-cn.feishucdn.com/obj/feishu-static/ccm-vmok/web/lang/en-US.033b17045940997a.js, is invoked via document.write. The network request for this script MAY be blocked by the browser in this or a future page load due to poor network connectivity. If blocked in this page load, it will be confirmed in a subsequent console message. See https://www.chromestatus.com/feature/5718547946799104 for more details. @ https://runninghub.feishu.cn/wiki/I06TwCojOiLAMOkOFgdcYW50nrc:0
[    7036ms] [WARNING] A parser-blocking, cross site (i.e. different eTLD+1) script, https://lf-package-cn.feishucdn.com/obj/feishu-static/eesz/bear/docx/module/ee/docs/docx/1.0.17.567/lang/en-US.js, is invoked via document.write. The network request for this script MAY be blocked by the browser in this or a future page load due to poor network connectivity. If blocked in this page load, it will be confirmed in a subsequent console message. See https://www.chromestatus.com/feature/5718547946799104 for more details. @ https://runninghub.feishu.cn/wiki/I06TwCojOiLAMOkOFgdcYW50nrc:0
[    8085ms] Uncaught (in promise) Error: PermFail
    at E (https://lf-package-cn.feishucdn.com/obj/feishu-static/ccm-vmok/web/static/js/docx_app_spa.dc1809ec.js:41:67093)
    at <anonymous> (https://lf-package-cn.feishucdn.com/obj/feishu-static/ccm-vmok/web/static/js/docx_app_spa.dc1809ec.js:41:489960)
[    8086ms] Uncaught (in promise) Error: PermFail
    at E (https://lf-package-cn.feishucdn.com/obj/feishu-static/ccm-vmok/web/static/js/docx_app_spa.dc1809ec.js:41:67093)
    at <anonymous> (https://lf-package-cn.feishucdn.com/obj/feishu-static/ccm-vmok/web/static/js/docx_app_spa.dc1809ec.js:41:489960)
[    9746ms] [ERROR] Failed to load resource: the server responded with a status of 400 () @ https://runninghub.feishu.cn/facade/search/pull_search_settings?search_setting_type=1:0
[    9747ms] [ERROR] Failed to load resource: the server responded with a status of 403 () @ https://runninghub.feishu.cn/space/api/meta/batch:0
[    9749ms] [ERROR] Failed to load resource: the server responded with a status of 403 () @ https://runninghub.feishu.cn/space/api/comment/commentid/all?obj_type=22&token=HMsBd85XroPjDLxuSxjcxB2ynZg&comment_type_list=0&comment_type_list=1&need_comment_relations=true:0
[    9751ms] [ERROR] Failed to load resource: the server responded with a status of 403 () @ https://runninghub.feishu.cn/space/api/explorer/v2/entity/info/:0
[    9752ms] [ERROR] Failed to load resource: the server responded with a status of 403 () @ https://runninghub.feishu.cn/space/api/room/watch?member_id=71822562032914:0
[    9753ms] [ERROR] Failed to load resource: the server responded with a status of 403 () @ https://runninghub.feishu.cn/space/api/wiki/v2/search/wiki_browse_report/:0
[    9754ms] [ERROR] Failed to load resource: the server responded with a status of 403 () @ https://runninghub.feishu.cn/space/api/room/watch?member_id=71822562032914:0
[    9782ms] [ERROR] Failed to load resource: the server responded with a status of 403 () @ https://internal-api-lark-api.feishu.cn/im/gateway/:0
[   10121ms] [ERROR] Failed to load resource: the server responded with a status of 403 () @ https://internal-api-lark-api.feishu.cn/im/gateway/:0
[   10231ms] [ERROR] Failed to load resource: the server responded with a status of 401 () @ https://internal-api-lark-api.feishu.cn/accounts/web/user?app_id=12&_t=1773853013849:0
[   10234ms] [ERROR] Failed to load resource: the server responded with a status of 401 () @ https://internal-api-security.feishu.cn/lark/scs/compliance/ping:0
[   10244ms] [ERROR] Failed to load resource: the server responded with a status of 401 () @ https://project.feishu.cn/goapi/v1/user/assets/login_assets:0
[   10433ms] [ERROR] Failed to load resource: the server responded with a status of 403 () @ https://internal-api-lark-api.feishu.cn/im/gateway/:0
[   10731ms] [ERROR] Failed to load resource: the server responded with a status of 403 () @ https://internal-api-lark-api.feishu.cn/im/gateway/:0
[   11516ms] [ERROR] Failed to load resource: the server responded with a status of 403 () @ https://internal-api-lark-api.feishu.cn/im/gateway/:0
[   11518ms] Uncaught (in promise) Error: PermFail
    at E (https://lf-package-cn.feishucdn.com/obj/feishu-static/ccm-vmok/web/static/js/docx_app_spa.dc1809ec.js:41:67093)
    at <anonymous> (https://lf-package-cn.feishucdn.com/obj/feishu-static/ccm-vmok/web/static/js/docx_app_spa.dc1809ec.js:41:489960)
[   11707ms] [ERROR] Failed to load resource: the server responded with a status of 403 () @ https://internal-api-lark-api.feishu.cn/im/gateway/:0
[   11708ms] [ERROR] Failed to load resource: the server responded with a status of 403 () @ https://internal-api-lark-api.feishu.cn/im/gateway/:0
[   11709ms] [ERROR] Failed to load resource: the server responded with a status of 403 () @ https://internal-api-lark-api.feishu.cn/im/gateway/:0
[   11994ms] [ERROR] Failed to load resource: the server responded with a status of 403 () @ https://internal-api-lark-api.feishu.cn/im/gateway/:0
[   12010ms] [ERROR] Failed to load resource: the server responded with a status of 403 () @ https://internal-api-lark-api.feishu.cn/im/gateway/:0
[   12024ms] [ERROR] Failed to load resource: the server responded with a status of 403 () @ https://internal-api-lark-api.feishu.cn/im/gateway/:0
[   12234ms] [ERROR] Failed to load resource: the server responded with a status of 403 () @ https://internal-api-lark-api.feishu.cn/im/gateway/:0
[   12293ms] [ERROR] Failed to load resource: the server responded with a status of 403 () @ https://internal-api-lark-api.feishu.cn/im/gateway/:0
[   12306ms] [ERROR] Failed to load resource: the server responded with a status of 403 () @ https://internal-api-lark-api.feishu.cn/im/gateway/:0
[   12324ms] [ERROR] Failed to load resource: the server responded with a status of 403 () @ https://internal-api-lark-api.feishu.cn/im/gateway/:0
[   12636ms] [ERROR] Failed to load resource: the server responded with a status of 403 () @ https://internal-api-lark-api.feishu.cn/im/gateway/:0
[   14294ms] [ERROR] Failed to load resource: the server responded with a status of 403 () @ https://internal-api-lark-api.feishu.cn/im/gateway/:0
[   14296ms] [ERROR] Failed to load resource: the server responded with a status of 403 () @ https://internal-api-lark-api.feishu.cn/im/gateway/:0
[   14598ms] [ERROR] Failed to load resource: the server responded with a status of 403 () @ https://internal-api-lark-api.feishu.cn/im/gateway/:0
[   14599ms] [ERROR] Failed to load resource: the server responded with a status of 403 () @ https://internal-api-lark-api.feishu.cn/im/gateway/:0
[   14906ms] [ERROR] Failed to load resource: the server responded with a status of 403 () @ https://internal-api-lark-api.feishu.cn/im/gateway/:0
[   14908ms] [ERROR] Failed to load resource: the server responded with a status of 403 () @ https://internal-api-lark-api.feishu.cn/im/gateway/:0
[   15198ms] [ERROR] Failed to load resource: the server responded with a status of 403 () @ https://internal-api-lark-api.feishu.cn/im/gateway/:0
[   15216ms] [ERROR] Failed to load resource: the server responded with a status of 403 () @ https://internal-api-lark-api.feishu.cn/im/gateway/:0
